07.11.2020 11:31:20.691 [main] INFO - weight added to com.trains.Cargo with name bad
07.11.2020 11:31:20.859 [main] INFO - volume added to com.trains.Cargo with name bad
07.11.2020 11:31:20.861 [main] INFO - cargo does not fit into the Railway Carriage 185d5053-e312-4b57-b0d9-7a4066bbf98d
07.11.2020 11:31:20.972 [main] INFO - weight added to com.trains.Cargo with name bad
07.11.2020 11:31:20.973 [main] INFO - volume added to com.trains.Cargo with name bad
07.11.2020 11:31:20.973 [main] INFO - weight added to com.trains.Cargo with name chair
07.11.2020 11:31:20.974 [main] INFO - volume added to com.trains.Cargo with name chair
07.11.2020 11:31:20.974 [main] INFO - weight added to com.trains.Cargo with name table
07.11.2020 11:31:20.975 [main] INFO - volume added to com.trains.Cargo with name table
07.11.2020 11:31:20.975 [main] INFO - the current capacity of the Railway Carriage da6b1a86-5094-4be7-b745-d1bf94f38257 has been reduced by 200
07.11.2020 11:31:20.976 [main] INFO - com.trains.Cargo bad was added to the Railway Carriage da6b1a86-5094-4be7-b745-d1bf94f38257
07.11.2020 11:31:20.976 [main] INFO - the current capacity of the Railway Carriage da6b1a86-5094-4be7-b745-d1bf94f38257 has been reduced by 300
07.11.2020 11:31:20.977 [main] INFO - com.trains.Cargo chair was added to the Railway Carriage da6b1a86-5094-4be7-b745-d1bf94f38257
07.11.2020 11:31:20.977 [main] INFO - the current capacity of the Railway Carriage da6b1a86-5094-4be7-b745-d1bf94f38257 has been reduced by 400
07.11.2020 11:31:20.978 [main] INFO - com.trains.Cargo table was added to the Railway Carriage da6b1a86-5094-4be7-b745-d1bf94f38257
07.11.2020 11:31:21.100 [main] INFO - weight added to com.trains.Cargo with name bad
07.11.2020 11:31:21.101 [main] INFO - volume added to com.trains.Cargo with name bad
07.11.2020 11:31:21.102 [main] INFO - weight added to com.trains.Cargo with name chair
07.11.2020 11:31:21.104 [main] INFO - volume added to com.trains.Cargo with name chair
07.11.2020 11:31:21.105 [main] INFO - weight added to com.trains.Cargo with name table
07.11.2020 11:31:21.105 [main] INFO - volume added to com.trains.Cargo with name table
07.11.2020 11:31:21.106 [main] INFO - the current capacity of the Railway Carriage eded3a08-adc1-4cbe-95f2-d27bad3ae16f has been reduced by 200
07.11.2020 11:31:21.109 [main] INFO - com.trains.Cargo bad was added to the Railway Carriage eded3a08-adc1-4cbe-95f2-d27bad3ae16f
07.11.2020 11:31:21.109 [main] INFO - the current capacity of the Railway Carriage eded3a08-adc1-4cbe-95f2-d27bad3ae16f has been reduced by 300
07.11.2020 11:31:21.109 [main] INFO - com.trains.Cargo chair was added to the Railway Carriage eded3a08-adc1-4cbe-95f2-d27bad3ae16f
07.11.2020 11:31:21.110 [main] INFO - the current capacity of the Railway Carriage eded3a08-adc1-4cbe-95f2-d27bad3ae16f has been reduced by 400
07.11.2020 11:31:21.111 [main] INFO - com.trains.Cargo table was added to the Railway Carriage eded3a08-adc1-4cbe-95f2-d27bad3ae16f
07.11.2020 11:31:21.125 [main] INFO - the cargo was unloaded from the Railway Carriage eded3a08-adc1-4cbe-95f2-d27bad3ae16f
07.11.2020 11:31:52.217 [main] INFO - a list containing the numbers of available seats is generated
07.11.2020 11:31:52.222 [main] INFO - RailwayCarriage 19ef9cea-70ae-4590-bb5e-1fdd59a72eec ------> RailwayCarriage 156499c6-8930-48b0-acc8-31ea575aab2f
07.11.2020 11:31:52.226 [main] INFO - RailwayCarriage 156499c6-8930-48b0-acc8-31ea575aab2f ------> RailwayCarriage dea09411-709c-47d7-b62d-65b5b9519da5
07.11.2020 11:32:32.358 [main] INFO - weight added to com.trains.Cargo with name bad
07.11.2020 11:32:32.366 [main] INFO - volume added to com.trains.Cargo with name bad
07.11.2020 11:32:32.367 [main] INFO - weight added to com.trains.Cargo with name chair
07.11.2020 11:32:32.368 [main] INFO - volume added to com.trains.Cargo with name chair
07.11.2020 11:32:32.369 [main] INFO - weight added to com.trains.Cargo with name table
07.11.2020 11:32:32.370 [main] INFO - volume added to com.trains.Cargo with name table
07.11.2020 11:32:32.371 [main] INFO - the current capacity of the Railway Carriage 574f927e-62c5-4f4c-b484-f46963a70a33 has been reduced by 200
07.11.2020 11:32:32.372 [main] INFO - com.trains.Cargo bad was added to the Railway Carriage 574f927e-62c5-4f4c-b484-f46963a70a33
07.11.2020 11:32:32.372 [main] INFO - the current capacity of the Railway Carriage 574f927e-62c5-4f4c-b484-f46963a70a33 has been reduced by 300
07.11.2020 11:32:32.373 [main] INFO - com.trains.Cargo chair was added to the Railway Carriage 574f927e-62c5-4f4c-b484-f46963a70a33
07.11.2020 11:32:32.373 [main] INFO - the current capacity of the Railway Carriage 574f927e-62c5-4f4c-b484-f46963a70a33 has been reduced by 400
07.11.2020 11:32:32.374 [main] INFO - com.trains.Cargo table was added to the Railway Carriage 574f927e-62c5-4f4c-b484-f46963a70a33
07.11.2020 11:34:40.813 [main] INFO - weight added to com.trains.Cargo with name bad
07.11.2020 11:34:40.826 [main] INFO - volume added to com.trains.Cargo with name bad
07.11.2020 11:34:40.826 [main] INFO - weight added to com.trains.Cargo with name chair
07.11.2020 11:34:40.827 [main] INFO - volume added to com.trains.Cargo with name chair
07.11.2020 11:34:40.828 [main] INFO - weight added to com.trains.Cargo with name table
07.11.2020 11:34:40.828 [main] INFO - volume added to com.trains.Cargo with name table
07.11.2020 11:34:40.828 [main] INFO - the current capacity of the Railway Carriage 41e3794e-8b7b-499e-af55-3f033e356c0d has been reduced by 200
07.11.2020 11:34:40.828 [main] INFO - com.trains.Cargo bad was added to the Railway Carriage 41e3794e-8b7b-499e-af55-3f033e356c0d
07.11.2020 11:34:40.830 [main] INFO - the current capacity of the Railway Carriage 41e3794e-8b7b-499e-af55-3f033e356c0d has been reduced by 300
07.11.2020 11:34:40.830 [main] INFO - com.trains.Cargo chair was added to the Railway Carriage 41e3794e-8b7b-499e-af55-3f033e356c0d
07.11.2020 11:34:40.830 [main] INFO - the current capacity of the Railway Carriage 41e3794e-8b7b-499e-af55-3f033e356c0d has been reduced by 400
07.11.2020 11:34:40.830 [main] INFO - com.trains.Cargo table was added to the Railway Carriage 41e3794e-8b7b-499e-af55-3f033e356c0d
07.11.2020 11:38:12.397 [main] INFO - a list containing the numbers of available seats is generated
07.11.2020 11:38:12.403 [main] INFO - a passenger named Vadim has booked a seat with number 1
07.11.2020 11:38:12.450 [main] INFO - a list containing the numbers of available seats is generated
07.11.2020 11:38:12.451 [main] INFO - a passenger named Vadim has booked a seat with number 1
07.11.2020 11:38:12.451 [main] INFO - a passenger named Vadi2 has booked a seat with number 2
07.11.2020 11:38:12.451 [main] INFO - a passenger named Vadi3 has booked a seat with number 3
07.11.2020 11:38:12.452 [main] INFO - a passenger named Vadi4 has booked a seat with number 4
07.11.2020 11:38:12.452 [main] INFO - a passenger named Vadi5 has booked a seat with number 5
07.11.2020 11:38:12.452 [main] INFO - a list containing the numbers of available seats is generated
07.11.2020 11:38:12.473 [main] INFO - a list containing the numbers of available seats is generated
07.11.2020 11:38:12.478 [main] INFO - a list containing the numbers of available seats is generated
07.11.2020 11:38:12.479 [main] INFO - a list containing the numbers of available seats is generated
07.11.2020 11:38:12.480 [main] INFO - a passenger named Vadim has booked a seat with number 10
07.11.2020 11:38:12.484 [main] INFO - a list containing the numbers of available seats is generated
07.11.2020 11:38:12.488 [main] INFO - a list containing the numbers of available seats is generated
07.11.2020 11:38:12.488 [main] INFO - a passenger named Vadim has booked a seat with number 1
07.11.2020 11:38:12.489 [main] INFO - a passenger named Vadim has booked a seat with number 2
07.11.2020 11:38:12.509 [main] INFO - a list containing the numbers of available seats is generated
07.11.2020 11:38:12.510 [main] INFO - a passenger named Vadim has booked a seat with number 20
07.11.2020 11:38:32.964 [main] INFO - a list containing the numbers of available seats is generated
07.11.2020 11:38:32.982 [main] INFO - a passenger named Vadim has booked a seat with number 1
07.11.2020 11:38:32.987 [main] INFO - a passenger named Vadi2 has booked a seat with number 2
07.11.2020 11:38:32.988 [main] INFO - a passenger named Vadi3 has booked a seat with number 3
07.11.2020 11:38:32.988 [main] INFO - a passenger named Vadi4 has booked a seat with number 4
07.11.2020 11:38:32.988 [main] INFO - a passenger named Vadi5 has booked a seat with number 5
07.11.2020 11:38:32.988 [main] INFO - a list containing the numbers of available seats is generated
07.11.2020 11:40:47.641 [main] INFO - a list containing the numbers of available seats is generated
07.11.2020 11:40:47.647 [main] INFO - a passenger named Vadim has booked a seat with number 1
07.11.2020 11:40:47.696 [main] INFO - a list containing the numbers of available seats is generated
07.11.2020 11:40:47.701 [main] INFO - a passenger named Vadim has booked a seat with number 1
07.11.2020 11:40:47.701 [main] INFO - a passenger named Vadi2 has booked a seat with number 2
07.11.2020 11:40:47.702 [main] INFO - a passenger named Vadi3 has booked a seat with number 3
07.11.2020 11:40:47.703 [main] INFO - a passenger named Vadi4 has booked a seat with number 4
07.11.2020 11:40:47.708 [main] INFO - a passenger named Vadi5 has booked a seat with number 5
07.11.2020 11:41:58.155 [main] INFO - a list containing the numbers of available seats is generated
07.11.2020 11:41:58.168 [main] INFO - a passenger named Vadim has booked a seat with number 1
07.11.2020 11:41:58.174 [main] INFO - a passenger named Vadi2 has booked a seat with number 2
07.11.2020 11:41:58.175 [main] INFO - a passenger named Vadi3 has booked a seat with number 3
07.11.2020 11:41:58.176 [main] INFO - a passenger named Vadi4 has booked a seat with number 4
07.11.2020 11:41:58.176 [main] INFO - a passenger named Vadi5 has booked a seat with number 5
07.11.2020 11:41:58.177 [main] INFO - a list containing the numbers of available seats is generated
07.11.2020 11:42:09.583 [main] INFO - a list containing the numbers of available seats is generated
07.11.2020 11:42:09.647 [main] INFO - a list containing the numbers of available seats is generated
07.11.2020 11:42:09.653 [main] INFO - a list containing the numbers of available seats is generated
07.11.2020 11:42:09.655 [main] INFO - a list containing the numbers of available seats is generated
07.11.2020 11:42:09.656 [main] INFO - a passenger named Vadim has booked a seat with number 10
